<?xml version="1.0" encoding="UTF-8"?>
<testsuite name="Scenario: creation successful with correct username and password" tests="4" skipped="0" failures="0" errors="0" timestamp="2017-04-04T16:44:57" hostname="Elinas-MacBook-Pro.local" time="0.006">
  <properties/>
  <testcase name="Given command new user is selected" classname="Scenario: creation successful with correct username and password" time="0.003"/>
  <testcase name="When new username &quot;elisa&quot; and new password &quot;salasana!&quot; are entered" classname="Scenario: creation successful with correct username and password" time="0.001"/>
  <testcase name="Then system will respond with &quot;new user registered&quot;" classname="Scenario: creation successful with correct username and password" time="0.001"/>
  <testcase name="classMethod" classname="Scenario: creation successful with correct username and password" time="0.008"/>
  <system-out><![CDATA[]]></system-out>
  <system-err><![CDATA[]]></system-err>
</testsuite>
