<?xml version="1.0" encoding="UTF-8"?>
<testsuite name="Scenario: creation fails with correct username and password consisting of letters" tests="4" skipped="0" failures="0" errors="0" timestamp="2017-04-04T16:44:57" hostname="Elinas-MacBook-Pro.local" time="0.008">
  <properties/>
  <testcase name="Given command new user is selected" classname="Scenario: creation fails with correct username and password consisting of letters" time="0.0"/>
  <testcase name="When new username &quot;liisa&quot; and new password &quot;salasanaa&quot; are entered" classname="Scenario: creation fails with correct username and password consisting of letters" time="0.001"/>
  <testcase name="Then system will respond with &quot;new user not registered&quot;" classname="Scenario: creation fails with correct username and password consisting of letters" time="0.004"/>
  <testcase name="classMethod" classname="Scenario: creation fails with correct username and password consisting of letters" time="0.017"/>
  <system-out><![CDATA[
  Scenario: creation fails with correct username and too short password ?[90m# ohtu/new_user.feature:8?[0m
    ?[32mGiven ?[0m?[32mcommand new user is selected?[0m                                  ?[90m# Stepdefs.command_new_user_is_selected()?[0m
    ?[32mWhen ?[0m?[32mnew username "?[0m?[32m?[1mliisa?[0m?[32m" and new password "?[0m?[32m?[1mpua1?[0m?[32m" are entered?[0m       ?[90m# Stepdefs.new_username_and_password_are_entered(String,String)?[0m
    ?[32mThen ?[0m?[32msystem will respond with "?[0m?[32m?[1mnew user not registered?[0m?[32m"?[0m             ?[90m# Stepdefs.system_will_respond_with(String)?[0m
]]></system-out>
  <system-err><![CDATA[]]></system-err>
</testsuite>
